2016-11-22T16:33:17.065	INFO	Build started
2016-11-22T16:33:17.084	INFO	BuildRuleStarted(//:jars__buck-android-support)
2016-11-22T16:33:17.084	INFO	BuildRuleStarted(//:jars__buck-android-support#abi)
2016-11-22T16:33:17.085	INFO	BuildRuleStarted(//:jars__commons-io-2.4)
2016-11-22T16:33:17.085	INFO	BuildRuleStarted(//:jars__commons-io-2.4#abi)
2016-11-22T16:33:17.086	INFO	BuildRuleSuspended(//:jars__buck-android-support#abi)
2016-11-22T16:33:17.086	INFO	BuildRuleStarted(//:jars__commons-lang3-3.3.2)
2016-11-22T16:33:17.086	INFO	BuildRuleSuspended(//:jars__commons-io-2.4#abi)
2016-11-22T16:33:17.086	INFO	BuildRuleStarted(//:jars__commons-lang3-3.3.2#abi)
2016-11-22T16:33:17.086	INFO	BuildRuleSuspended(//:jars__commons-lang3-3.3.2#abi)
2016-11-22T16:33:17.086	INFO	BuildRuleSuspended(//:jars__buck-android-support)
2016-11-22T16:33:17.086	INFO	BuildRuleStarted(//:jars__flattr4j-core-2.10)
2016-11-22T16:33:17.086	INFO	BuildRuleStarted(//:jars__flattr4j-core-2.10#abi)
2016-11-22T16:33:17.087	INFO	BuildRuleSuspended(//:jars__flattr4j-core-2.10#abi)
2016-11-22T16:33:17.087	INFO	BuildRuleSuspended(//:jars__commons-lang3-3.3.2)
2016-11-22T16:33:17.087	INFO	BuildRuleStarted(//:jars__library-2.4.0)
2016-11-22T16:33:17.087	INFO	BuildRuleSuspended(//:jars__commons-io-2.4)
2016-11-22T16:33:17.087	INFO	BuildRuleStarted(//:jars__library-2.4.0#abi)
2016-11-22T16:33:17.087	INFO	BuildRuleStarted(//:jars__support-v4-19.1.0)
2016-11-22T16:33:17.087	INFO	BuildRuleSuspended(//:jars__library-2.4.0)
2016-11-22T16:33:17.087	INFO	BuildRuleSuspended(//:jars__library-2.4.0#abi)
2016-11-22T16:33:17.087	INFO	BuildRuleStarted(//:jars__support-v4-19.1.0#abi)
2016-11-22T16:33:17.087	INFO	BuildRuleSuspended(//:jars__support-v4-19.1.0)
2016-11-22T16:33:17.087	INFO	BuildRuleSuspended(//:jars__support-v4-19.1.0#abi)
2016-11-22T16:33:17.087	INFO	BuildRuleStarted(//:appcompat#aar_unzip)
2016-11-22T16:33:17.086	INFO	BuildRuleSuspended(//:jars__flattr4j-core-2.10)
2016-11-22T16:33:17.087	INFO	BuildRuleStarted(//:buildconfig#gen_java_android_build_config)
2016-11-22T16:33:17.087	INFO	BuildRuleStarted(//:oneres)
2016-11-22T16:33:17.087	INFO	BuildRuleSuspended(//:appcompat#aar_unzip)
2016-11-22T16:33:17.087	INFO	BuildRuleStarted(//:alljars)
2016-11-22T16:33:17.088	INFO	BuildRuleSuspended(//:buildconfig#gen_java_android_build_config)
2016-11-22T16:33:17.088	INFO	BuildRuleStarted(//:appcompat#abi)
2016-11-22T16:33:17.088	INFO	BuildRuleSuspended(//:appcompat#abi)
2016-11-22T16:33:17.088	INFO	BuildRuleStarted(//:appcompat#aar_prebuilt_jar)
2016-11-22T16:33:17.088	INFO	BuildRuleSuspended(//:appcompat#aar_prebuilt_jar)
2016-11-22T16:33:17.088	INFO	BuildRuleStarted(//:buildconfig)
2016-11-22T16:33:17.089	INFO	BuildRuleSuspended(//:oneres)
2016-11-22T16:33:17.089	INFO	BuildRuleStarted(//:appcompat)
2016-11-22T16:33:17.089	INFO	BuildRuleStarted(//:onelib#dummy_r_dot_java)
2016-11-22T16:33:17.090	INFO	BuildRuleSuspended(//:onelib#dummy_r_dot_java)
2016-11-22T16:33:17.090	INFO	BuildRuleSuspended(//:buildconfig)
2016-11-22T16:33:17.090	INFO	BuildRuleStarted(//:onelib#abi,dummy_r_dot_java)
2016-11-22T16:33:17.090	INFO	BuildRuleStarted(//:buildconfig#abi)
2016-11-22T16:33:17.090	INFO	BuildRuleSuspended(//:buildconfig#abi)
2016-11-22T16:33:17.090	INFO	BuildRuleSuspended(//:onelib#abi,dummy_r_dot_java)
2016-11-22T16:33:17.090	INFO	BuildRuleStarted(//:onelib)
2016-11-22T16:33:17.091	INFO	BuildRuleSuspended(//:appcompat)
2016-11-22T16:33:17.091	INFO	BuildRuleSuspended(//:onelib)
2016-11-22T16:33:17.091	INFO	BuildRuleStarted(//:mainres)
2016-11-22T16:33:17.091	INFO	BuildRuleStarted(//:onelib#abi)
2016-11-22T16:33:17.091	INFO	BuildRuleSuspended(//:alljars)
2016-11-22T16:33:17.091	INFO	BuildRuleSuspended(//:onelib#abi)
2016-11-22T16:33:17.093	INFO	BuildRuleSuspended(//:mainres)
2016-11-22T16:33:17.093	INFO	BuildRuleStarted(//:mainlib#dummy_r_dot_java)
2016-11-22T16:33:17.093	INFO	BuildRuleSuspended(//:mainlib#dummy_r_dot_java)
2016-11-22T16:33:17.093	INFO	BuildRuleStarted(//:mainlib#abi,dummy_r_dot_java)
2016-11-22T16:33:17.093	INFO	BuildRuleSuspended(//:mainlib#abi,dummy_r_dot_java)
2016-11-22T16:33:17.093	INFO	BuildRuleStarted(//:mainlib)
2016-11-22T16:33:17.094	INFO	BuildRuleSuspended(//:mainlib)
2016-11-22T16:33:17.095	INFO	BuildRuleResumed(//:mainlib)
2016-11-22T16:33:17.098	INFO	BuildRuleSuspended(//:mainlib)
2016-11-22T16:33:17.099	INFO	BuildRuleResumed(//:buildconfig)
2016-11-22T16:33:17.099	INFO	BuildRuleResumed(//:onelib#abi)
2016-11-22T16:33:17.099	INFO	BuildRuleResumed(//:jars__flattr4j-core-2.10#abi)
2016-11-22T16:33:17.099	INFO	BuildRuleResumed(//:jars__buck-android-support)
2016-11-22T16:33:17.099	INFO	BuildRuleSuspended(//:buildconfig)
2016-11-22T16:33:17.099	INFO	BuildRuleSuspended(//:jars__flattr4j-core-2.10#abi)
2016-11-22T16:33:17.099	INFO	BuildRuleSuspended(//:onelib#abi)
2016-11-22T16:33:17.100	INFO	BuildRuleResumed(//:jars__flattr4j-core-2.10)
2016-11-22T16:33:17.100	INFO	BuildRuleSuspended(//:jars__buck-android-support)
2016-11-22T16:33:17.100	INFO	BuildRuleResumed(//:appcompat)
2016-11-22T16:33:17.100	INFO	BuildRuleResumed(//:jars__commons-lang3-3.3.2)
2016-11-22T16:33:17.100	INFO	BuildRuleSuspended(//:jars__flattr4j-core-2.10)
2016-11-22T16:33:17.100	INFO	BuildRuleResumed(//:appcompat#aar_unzip)
2016-11-22T16:33:17.100	INFO	BuildRuleSuspended(//:jars__commons-lang3-3.3.2)
2016-11-22T16:33:17.100	INFO	BuildRuleResumed(//:jars__buck-android-support#abi)
2016-11-22T16:33:17.100	INFO	BuildRuleSuspended(//:appcompat)
2016-11-22T16:33:17.100	INFO	BuildRuleSuspended(//:appcompat#aar_unzip)
2016-11-22T16:33:17.101	INFO	BuildRuleResumed(//:mainlib#abi,dummy_r_dot_java)
2016-11-22T16:33:17.101	INFO	BuildRuleResumed(//:jars__library-2.4.0#abi)
2016-11-22T16:33:17.101	INFO	BuildRuleSuspended(//:mainlib#abi,dummy_r_dot_java)
2016-11-22T16:33:17.101	INFO	BuildRuleSuspended(//:jars__library-2.4.0#abi)
2016-11-22T16:33:17.101	INFO	BuildRuleSuspended(//:jars__buck-android-support#abi)
2016-11-22T16:33:17.101	INFO	BuildRuleResumed(//:jars__commons-io-2.4)
2016-11-22T16:33:17.101	INFO	BuildRuleResumed(//:jars__support-v4-19.1.0)
2016-11-22T16:33:17.101	INFO	BuildRuleResumed(//:alljars)
2016-11-22T16:33:17.102	INFO	BuildRuleSuspended(//:jars__commons-io-2.4)
2016-11-22T16:33:17.102	INFO	BuildRuleSuspended(//:jars__support-v4-19.1.0)
2016-11-22T16:33:17.102	INFO	BuildRuleSuspended(//:alljars)
2016-11-22T16:33:17.102	INFO	BuildRuleResumed(//:mainres)
2016-11-22T16:33:17.102	INFO	BuildRuleResumed(//:appcompat#aar_prebuilt_jar)
2016-11-22T16:33:17.102	INFO	BuildRuleResumed(//:appcompat#abi)
2016-11-22T16:33:17.102	INFO	BuildRuleResumed(//:mainlib#dummy_r_dot_java)
2016-11-22T16:33:17.103	INFO	BuildRuleSuspended(//:appcompat#aar_prebuilt_jar)
2016-11-22T16:33:17.103	INFO	BuildRuleSuspended(//:appcompat#abi)
2016-11-22T16:33:17.103	INFO	BuildRuleSuspended(//:mainres)
2016-11-22T16:33:17.103	INFO	BuildRuleResumed(//:jars__library-2.4.0)
2016-11-22T16:33:17.103	INFO	BuildRuleResumed(//:jars__commons-lang3-3.3.2#abi)
2016-11-22T16:33:17.103	INFO	BuildRuleResumed(//:buildconfig#abi)
2016-11-22T16:33:17.103	INFO	BuildRuleSuspended(//:buildconfig#abi)
2016-11-22T16:33:17.103	INFO	BuildRuleResumed(//:onelib)
2016-11-22T16:33:17.104	INFO	BuildRuleSuspended(//:jars__library-2.4.0)
2016-11-22T16:33:17.104	INFO	BuildRuleResumed(//:jars__support-v4-19.1.0#abi)
2016-11-22T16:33:17.104	INFO	BuildRuleSuspended(//:jars__commons-lang3-3.3.2#abi)
2016-11-22T16:33:17.104	INFO	BuildRuleSuspended(//:onelib)
2016-11-22T16:33:17.104	INFO	BuildRuleResumed(//:jars__commons-io-2.4#abi)
2016-11-22T16:33:17.104	INFO	BuildRuleSuspended(//:mainlib#dummy_r_dot_java)
2016-11-22T16:33:17.104	INFO	BuildRuleSuspended(//:jars__support-v4-19.1.0#abi)
2016-11-22T16:33:17.104	INFO	BuildRuleResumed(//:jars__support-v4-19.1.0#abi)
2016-11-22T16:33:17.104	INFO	BuildRuleSuspended(//:jars__commons-io-2.4#abi)
2016-11-22T16:33:17.105	INFO	BuildRuleResumed(//:onelib#abi)
2016-11-22T16:33:17.105	INFO	BuildRuleResumed(//:jars__flattr4j-core-2.10#abi)
2016-11-22T16:33:17.105	INFO	BuildRuleResumed(//:jars__buck-android-support)
2016-11-22T16:33:17.107	INFO	BuildRuleSuspended(//:onelib#abi)
2016-11-22T16:33:17.107	INFO	BuildRuleSuspended(//:jars__flattr4j-core-2.10#abi)
2016-11-22T16:33:17.107	INFO	BuildRuleSuspended(//:jars__support-v4-19.1.0#abi)
2016-11-22T16:33:17.107	INFO	BuildRuleResumed(//:onelib#abi)
2016-11-22T16:33:17.107	INFO	BuildRuleResumed(//:jars__support-v4-19.1.0#abi)
2016-11-22T16:33:17.107	INFO	BuildRuleResumed(//:jars__flattr4j-core-2.10#abi)
2016-11-22T16:33:17.108	INFO	BuildRuleFinished(//:onelib#abi): SUCCESS LOCAL_KEY_UNCHANGED_HIT MATCHING_RULE_KEY 7a8a15ebf850b34f7e95e91b4323e5cb4d5578bc I4ed731fbdf59fa9d3922c398ac101e43157a243b
2016-11-22T16:33:17.108	INFO	BuildRuleFinished(//:jars__support-v4-19.1.0#abi): SUCCESS LOCAL_KEY_UNCHANGED_HIT MATCHING_RULE_KEY 2e123d10bc02cdaeb2828f1e0731770e025aa37d I2e123d10bc02cdaeb2828f1e0731770e025aa37d
2016-11-22T16:33:17.108	INFO	BuildRuleResumed(//:jars__flattr4j-core-2.10)
2016-11-22T16:33:17.108	INFO	BuildRuleResumed(//:jars__commons-lang3-3.3.2)
2016-11-22T16:33:17.108	INFO	BuildRuleFinished(//:jars__flattr4j-core-2.10#abi): SUCCESS LOCAL_KEY_UNCHANGED_HIT MATCHING_RULE_KEY 4311131709271ca4ea593a1a03a4f91ac86ca92b I4311131709271ca4ea593a1a03a4f91ac86ca92b
2016-11-22T16:33:17.108	INFO	BuildRuleResumed(//:appcompat#aar_unzip)
2016-11-22T16:33:17.108	INFO	BuildRuleSuspended(//:jars__buck-android-support)
2016-11-22T16:33:17.108	INFO	BuildRuleResumed(//:jars__buck-android-support)
2016-11-22T16:33:17.109	INFO	BuildRuleFinished(//:jars__buck-android-support): SUCCESS LOCAL_KEY_UNCHANGED_HIT MATCHING_RULE_KEY 455f340efe5ab5a547b0608ff29947d59e94177f I455f340efe5ab5a547b0608ff29947d59e94177f
2016-11-22T16:33:17.109	INFO	BuildRuleResumed(//:jars__library-2.4.0#abi)
2016-11-22T16:33:17.110	INFO	BuildRuleSuspended(//:jars__library-2.4.0#abi)
2016-11-22T16:33:17.110	INFO	BuildRuleResumed(//:jars__library-2.4.0#abi)
2016-11-22T16:33:17.110	INFO	BuildRuleSuspended(//:jars__flattr4j-core-2.10)
2016-11-22T16:33:17.110	INFO	BuildRuleResumed(//:jars__flattr4j-core-2.10)
2016-11-22T16:33:17.110	INFO	BuildRuleFinished(//:jars__library-2.4.0#abi): SUCCESS LOCAL_KEY_UNCHANGED_HIT MATCHING_RULE_KEY 1940f6a210a9a500ef127f9f52b240dfbcd485b4 I1940f6a210a9a500ef127f9f52b240dfbcd485b4
2016-11-22T16:33:17.110	INFO	BuildRuleResumed(//:mainlib#abi,dummy_r_dot_java)
2016-11-22T16:33:17.111	INFO	BuildRuleFinished(//:jars__flattr4j-core-2.10): SUCCESS LOCAL_KEY_UNCHANGED_HIT MATCHING_RULE_KEY b4ce625f83a433d25162662073793be4d9aa7c17 Ib4ce625f83a433d25162662073793be4d9aa7c17
2016-11-22T16:33:17.111	INFO	BuildRuleResumed(//:jars__buck-android-support#abi)
2016-11-22T16:33:17.111	INFO	BuildRuleSuspended(//:mainlib#abi,dummy_r_dot_java)
2016-11-22T16:33:17.111	INFO	BuildRuleResumed(//:mainlib#abi,dummy_r_dot_java)
2016-11-22T16:33:17.111	INFO	BuildRuleSuspended(//:jars__commons-lang3-3.3.2)
2016-11-22T16:33:17.111	INFO	BuildRuleResumed(//:jars__commons-lang3-3.3.2)
2016-11-22T16:33:17.112	INFO	BuildRuleFinished(//:mainlib#abi,dummy_r_dot_java): SUCCESS LOCAL_KEY_UNCHANGED_HIT MATCHING_RULE_KEY 35f18c9ffefe872f7a5cb240e523ec9ddf542ec1 Ib73591792498456d9a357266d00d405c9a542f49
2016-11-22T16:33:17.112	INFO	BuildRuleResumed(//:jars__support-v4-19.1.0)
2016-11-22T16:33:17.112	INFO	BuildRuleFinished(//:jars__commons-lang3-3.3.2): SUCCESS LOCAL_KEY_UNCHANGED_HIT MATCHING_RULE_KEY 484b23f0bf0b7c0e29a381a064b985e512e2117b I484b23f0bf0b7c0e29a381a064b985e512e2117b
2016-11-22T16:33:17.112	INFO	BuildRuleResumed(//:jars__commons-io-2.4)
2016-11-22T16:33:17.112	INFO	BuildRuleSuspended(//:jars__buck-android-support#abi)
2016-11-22T16:33:17.112	INFO	BuildRuleResumed(//:jars__buck-android-support#abi)
2016-11-22T16:33:17.113	INFO	BuildRuleFinished(//:jars__buck-android-support#abi): SUCCESS LOCAL_KEY_UNCHANGED_HIT MATCHING_RULE_KEY 4bb371cb71b8e838d94342c5a35f7c9792445fdb I4bb371cb71b8e838d94342c5a35f7c9792445fdb
2016-11-22T16:33:17.113	INFO	BuildRuleResumed(//:alljars)
2016-11-22T16:33:17.114	INFO	BuildRuleSuspended(//:alljars)
2016-11-22T16:33:17.114	INFO	BuildRuleResumed(//:alljars)
2016-11-22T16:33:17.115	INFO	BuildRuleSuspended(//:jars__commons-io-2.4)
2016-11-22T16:33:17.115	INFO	BuildRuleResumed(//:jars__commons-io-2.4)
2016-11-22T16:33:17.115	INFO	BuildRuleFinished(//:alljars): SUCCESS LOCAL_KEY_UNCHANGED_HIT MATCHING_RULE_KEY ff4558f4464edeecb3b0aeb96d48cfd70420a52a I3a1635210cca83fef6cf0c34e2a357b86235af7d
2016-11-22T16:33:17.115	INFO	BuildRuleResumed(//:appcompat#aar_prebuilt_jar)
2016-11-22T16:33:17.115	INFO	BuildRuleFinished(//:jars__commons-io-2.4): SUCCESS LOCAL_KEY_UNCHANGED_HIT MATCHING_RULE_KEY 37e22b21378c2a00e01081b849755f8f0e053e3c I37e22b21378c2a00e01081b849755f8f0e053e3c
2016-11-22T16:33:17.115	INFO	BuildRuleResumed(//:appcompat#abi)
2016-11-22T16:33:17.116	INFO	BuildRuleSuspended(//:appcompat#abi)
2016-11-22T16:33:17.116	INFO	BuildRuleResumed(//:appcompat#abi)
2016-11-22T16:33:17.116	INFO	BuildRuleFinished(//:appcompat#abi): SUCCESS LOCAL_KEY_UNCHANGED_HIT MATCHING_RULE_KEY 675e38907263f3333631744aeadd80d789d1b512 Id015f1da358a4c8b1919725949f488328bb37daa
2016-11-22T16:33:17.117	INFO	BuildRuleResumed(//:mainres)
2016-11-22T16:33:17.118	INFO	BuildRuleSuspended(//:jars__support-v4-19.1.0)
2016-11-22T16:33:17.118	INFO	BuildRuleSuspended(//:appcompat#aar_prebuilt_jar)
2016-11-22T16:33:17.118	INFO	BuildRuleResumed(//:jars__support-v4-19.1.0)
2016-11-22T16:33:17.118	INFO	BuildRuleResumed(//:appcompat#aar_prebuilt_jar)
2016-11-22T16:33:17.118	INFO	BuildRuleFinished(//:appcompat#aar_prebuilt_jar): SUCCESS LOCAL_KEY_UNCHANGED_HIT MATCHING_RULE_KEY 8ad18025d30a360c95d5afac242ed8ab2c93e527 I91491b780be62daf475f64de5845a82d99b3a299
2016-11-22T16:33:17.118	INFO	BuildRuleFinished(//:jars__support-v4-19.1.0): SUCCESS LOCAL_KEY_UNCHANGED_HIT MATCHING_RULE_KEY c81da09cd1693f5254a28f9081e28d4d751a8264 Ic81da09cd1693f5254a28f9081e28d4d751a8264
2016-11-22T16:33:17.118	INFO	BuildRuleResumed(//:buildconfig#abi)
2016-11-22T16:33:17.118	INFO	BuildRuleResumed(//:jars__library-2.4.0)
2016-11-22T16:33:17.119	INFO	BuildRuleSuspended(//:mainres)
2016-11-22T16:33:17.119	INFO	BuildRuleResumed(//:mainres)
2016-11-22T16:33:17.119	INFO	BuildRuleFinished(//:mainres): SUCCESS LOCAL_KEY_UNCHANGED_HIT MATCHING_RULE_KEY a9fee3176746946f3b012fa34a32ffa877833110 I1cb16aef89c586cd97aa6ad6b3fe805453996a41
2016-11-22T16:33:17.119	INFO	BuildRuleResumed(//:jars__commons-lang3-3.3.2#abi)
2016-11-22T16:33:17.119	INFO	BuildRuleSuspended(//:buildconfig#abi)
2016-11-22T16:33:17.119	INFO	BuildRuleResumed(//:buildconfig#abi)
2016-11-22T16:33:17.120	INFO	BuildRuleFinished(//:buildconfig#abi): SUCCESS LOCAL_KEY_UNCHANGED_HIT MATCHING_RULE_KEY 648820b3a4d8618a9d1b937e54553e32b8b7df5b Ib01e70e3005b4ed4f4f37396d2ca8d19be988d04
2016-11-22T16:33:17.120	INFO	BuildRuleSuspended(//:jars__commons-lang3-3.3.2#abi)
2016-11-22T16:33:17.120	INFO	BuildRuleResumed(//:jars__commons-lang3-3.3.2#abi)
2016-11-22T16:33:17.120	INFO	BuildRuleResumed(//:buildconfig)
2016-11-22T16:33:17.121	INFO	BuildRuleFinished(//:jars__commons-lang3-3.3.2#abi): SUCCESS LOCAL_KEY_UNCHANGED_HIT MATCHING_RULE_KEY fc154e87dba85f411e9fc41eaa332bcaa0fe2fe8 Ifc154e87dba85f411e9fc41eaa332bcaa0fe2fe8
2016-11-22T16:33:17.121	INFO	BuildRuleResumed(//:appcompat)
2016-11-22T16:33:17.121	INFO	BuildRuleSuspended(//:jars__library-2.4.0)
2016-11-22T16:33:17.121	INFO	BuildRuleResumed(//:jars__library-2.4.0)
2016-11-22T16:33:17.122	INFO	BuildRuleSuspended(//:buildconfig)
2016-11-22T16:33:17.122	INFO	BuildRuleResumed(//:buildconfig)
2016-11-22T16:33:17.122	INFO	BuildRuleFinished(//:jars__library-2.4.0): SUCCESS LOCAL_KEY_UNCHANGED_HIT MATCHING_RULE_KEY fdee9a61b399942967d8789a153f9b5519b7051c Ifdee9a61b399942967d8789a153f9b5519b7051c
2016-11-22T16:33:17.122	INFO	BuildRuleFinished(//:buildconfig): SUCCESS LOCAL_KEY_UNCHANGED_HIT MATCHING_RULE_KEY 4c84acb9c3d063e0bdac73da8cf64afcce6ee2c0 I220cb862cc8adbae16509c069e1e2e39409b74f4
2016-11-22T16:33:17.122	INFO	BuildRuleResumed(//:jars__commons-io-2.4#abi)
2016-11-22T16:33:17.123	INFO	BuildRuleSuspended(//:appcompat)
2016-11-22T16:33:17.123	INFO	BuildRuleResumed(//:mainlib#dummy_r_dot_java)
2016-11-22T16:33:17.123	INFO	BuildRuleResumed(//:appcompat)
2016-11-22T16:33:17.123	INFO	BuildRuleFinished(//:appcompat): SUCCESS LOCAL_KEY_UNCHANGED_HIT MATCHING_RULE_KEY c83675de767eb9ca7a0de4d0ca12a99d6db17043 I9b9f2e8869323e792d232d03d56b3780f467ea28
2016-11-22T16:33:17.123	INFO	BuildRuleResumed(//:onelib)
2016-11-22T16:33:17.124	INFO	BuildRuleSuspended(//:jars__commons-io-2.4#abi)
2016-11-22T16:33:17.124	INFO	BuildRuleResumed(//:jars__commons-io-2.4#abi)
2016-11-22T16:33:17.125	INFO	BuildRuleFinished(//:jars__commons-io-2.4#abi): SUCCESS LOCAL_KEY_UNCHANGED_HIT MATCHING_RULE_KEY a51e579d8127215fa9d19f6feaa14ff0bd4be454 Ia51e579d8127215fa9d19f6feaa14ff0bd4be454
2016-11-22T16:33:17.126	INFO	BuildRuleSuspended(//:mainlib#dummy_r_dot_java)
2016-11-22T16:33:17.126	INFO	BuildRuleResumed(//:mainlib#dummy_r_dot_java)
2016-11-22T16:33:17.128	INFO	BuildRuleFinished(//:mainlib#dummy_r_dot_java): SUCCESS LOCAL_KEY_UNCHANGED_HIT MATCHING_RULE_KEY 384269b3c53fc29e2c9a95d1c0b073f7f5c488d5
2016-11-22T16:33:17.129	INFO	BuildRuleSuspended(//:onelib)
2016-11-22T16:33:17.129	INFO	BuildRuleResumed(//:onelib)
2016-11-22T16:33:17.130	INFO	BuildRuleFinished(//:onelib): SUCCESS LOCAL_KEY_UNCHANGED_HIT MATCHING_RULE_KEY 1f9dffc72b178b5bbd668ead722af2cbcab68c17 I8406a5d8af408216404d10d062d48d72c9406d5e
2016-11-22T16:33:17.140	INFO	BuildRuleSuspended(//:appcompat#aar_unzip)
2016-11-22T16:33:17.140	INFO	BuildRuleResumed(//:appcompat#aar_unzip)
2016-11-22T16:33:17.141	INFO	BuildRuleResumed(//:mainlib)
2016-11-22T16:33:17.163	INFO	BuildRuleFinished(//:appcompat#aar_unzip): SUCCESS LOCAL_KEY_UNCHANGED_HIT MATCHING_RULE_KEY 14fa79922f22a8108895f36e4074d982a03de889
2016-11-22T16:33:17.187	INFO	BuildRuleSuspended(//:mainlib)
2016-11-22T16:33:17.187	INFO	BuildRuleResumed(//:mainlib)
2016-11-22T16:33:17.793	INFO	BuildRuleSuspended(//:mainlib)
2016-11-22T16:33:17.794	INFO	BuildRuleResumed(//:mainlib)
2016-11-22T16:33:17.796	INFO	BuildRuleFinished(//:mainlib): FAIL MISS MISSING 2c25313a816a77b7dc265a37ba34468548403a84
2016-11-22T16:33:17.798	INFO	Build finished
